{"D:\\Nemotron\\VRMS\\server\\app.js": {"path":"D:\\Nemotron\\VRMS\\server\\app.js","statementMap":{"0":{"start":{"line":1,"column":13},"end":{"line":1,"column":28}},"1":{"start":{"line":2,"column":16},"end":{"line":2,"column":34}},"2":{"start":{"line":3,"column":13},"end":{"line":3,"column":28}},"3":{"start":{"line":4,"column":15},"end":{"line":4,"column":32}},"4":{"start":{"line":5,"column":21},"end":{"line":5,"column":45}},"5":{"start":{"line":6,"column":18},"end":{"line":6,"column":47}},"6":{"start":{"line":7,"column":15},"end":{"line":7,"column":38}},"7":{"start":{"line":8,"column":15},"end":{"line":8,"column":40}},"8":{"start":{"line":9,"column":27},"end":{"line":9,"column":55}},"9":{"start":{"line":10,"column":25},"end":{"line":10,"column":61}},"10":{"start":{"line":11,"column":23},"end":{"line":11,"column":58}},"11":{"start":{"line":13,"column":12},"end":{"line":13,"column":21}},"12":{"start":{"line":15,"column":0},"end":{"line":18,"column":4}},"13":{"start":{"line":20,"column":0},"end":{"line":25,"column":4}},"14":{"start":{"line":27,"column":0},"end":{"line":27,"column":41}},"15":{"start":{"line":28,"column":0},"end":{"line":28,"column":63}},"16":{"start":{"line":29,"column":0},"end":{"line":29,"column":24}},"17":{"start":{"line":31,"column":0},"end":{"line":31,"column":20}},"18":{"start":{"line":33,"column":0},"end":{"line":46,"column":3}},"19":{"start":{"line":34,"column":16},"end":{"line":34,"column":26}},"20":{"start":{"line":35,"column":2},"end":{"line":44,"column":5}},"21":{"start":{"line":36,"column":21},"end":{"line":36,"column":39}},"22":{"start":{"line":37,"column":4},"end":{"line":43,"column":7}},"23":{"start":{"line":45,"column":2},"end":{"line":45,"column":9}},"24":{"start":{"line":48,"column":0},"end":{"line":57,"column":3}},"25":{"start":{"line":49,"column":22},"end":{"line":49,"column":44}},"26":{"start":{"line":50,"column":2},"end":{"line":56,"column":5}},"27":{"start":{"line":59,"column":0},"end":{"line":59,"column":47}},"28":{"start":{"line":60,"column":0},"end":{"line":60,"column":55}},"29":{"start":{"line":61,"column":0},"end":{"line":61,"column":55}},"30":{"start":{"line":62,"column":0},"end":{"line":62,"column":55}},"31":{"start":{"line":63,"column":0},"end":{"line":63,"column":65}},"32":{"start":{"line":64,"column":0},"end":{"line":64,"column":49}},"33":{"start":{"line":66,"column":0},"end":{"line":68,"column":4}},"34":{"start":{"line":70,"column":0},"end":{"line":79,"column":3}},"35":{"start":{"line":71,"column":2},"end":{"line":77,"column":3}},"36":{"start":{"line":72,"column":4},"end":{"line":76,"column":7}},"37":{"start":{"line":78,"column":2},"end":{"line":78,"column":74}},"38":{"start":{"line":81,"column":0},"end":{"line":81,"column":22}},"39":{"start":{"line":83,"column":0},"end":{"line":83,"column":21}}},"fnMap":{"0":{"name":"(anonymous_0)","decl":{"start":{"line":33,"column":8},"end":{"line":33,"column":9}},"loc":{"start":{"line":33,"column":28},"end":{"line":46,"column":1}},"line":33},"1":{"name":"(anonymous_1)","decl":{"start":{"line":35,"column":19},"end":{"line":35,"column":20}},"loc":{"start":{"line":35,"column":25},"end":{"line":44,"column":3}},"line":35},"2":{"name":"(anonymous_2)","decl":{"start":{"line":48,"column":23},"end":{"line":48,"column":24}},"loc":{"start":{"line":48,"column":43},"end":{"line":57,"column":1}},"line":48},"3":{"name":"(anonymous_3)","decl":{"start":{"line":70,"column":13},"end":{"line":70,"column":14}},"loc":{"start":{"line":70,"column":27},"end":{"line":79,"column":1}},"line":70}},"branchMap":{"0":{"loc":{"start":{"line":54,"column":14},"end":{"line":54,"column":56}},"type":"cond-expr","locations":[{"start":{"line":54,"column":28},"end":{"line":54,"column":39}},{"start":{"line":54,"column":42},"end":{"line":54,"column":56}}],"line":54},"1":{"loc":{"start":{"line":71,"column":2},"end":{"line":77,"column":3}},"type":"if","locations":[{"start":{"line":71,"column":2},"end":{"line":77,"column":3}},{"start":{},"end":{}}],"line":71}},"s":{"0":2,"1":2,"2":2,"3":2,"4":2,"5":2,"6":2,"7":2,"8":2,"9":2,"10":2,"11":2,"12":2,"13":2,"14":2,"15":2,"16":2,"17":2,"18":2,"19":42,"20":42,"21":42,"22":42,"23":42,"24":2,"25":4,"26":4,"27":2,"28":2,"29":2,"30":2,"31":2,"32":2,"33":2,"34":2,"35":2,"36":2,"37":0,"38":2,"39":2},"f":{"0":42,"1":42,"2":4,"3":2},"b":{"0":[4,0],"1":[2,0]},"_coverageSchema":"1a1c01bbd47fc00a2c39e90264f33305004495a9","hash":"180d420c2d916eed0544b3dc86f36756c42aba7c"}
,"D:\\Nemotron\\VRMS\\server\\config\\database.js": {"path":"D:\\Nemotron\\VRMS\\server\\config\\database.js","statementMap":{"0":{"start":{"line":1,"column":14},"end":{"line":1,"column":39}},"1":{"start":{"line":2,"column":15},"end":{"line":2,"column":31}},"2":{"start":{"line":3,"column":15},"end":{"line":3,"column":41}},"3":{"start":{"line":5,"column":13},"end":{"line":5,"column":46}},"4":{"start":{"line":7,"column":0},"end":{"line":9,"column":3}},"5":{"start":{"line":8,"column":2},"end":{"line":8,"column":75}},"6":{"start":{"line":12,"column":2},"end":{"line":21,"column":3}},"7":{"start":{"line":13,"column":23},"end":{"line":13,"column":49}},"8":{"start":{"line":14,"column":4},"end":{"line":14,"column":28}},"9":{"start":{"line":15,"column":4},"end":{"line":15,"column":25}},"10":{"start":{"line":16,"column":4},"end":{"line":16,"column":66}},"11":{"start":{"line":17,"column":4},"end":{"line":17,"column":16}},"12":{"start":{"line":19,"column":4},"end":{"line":19,"column":84}},"13":{"start":{"line":20,"column":4},"end":{"line":20,"column":17}},"14":{"start":{"line":25,"column":2},"end":{"line":31,"column":3}},"15":{"start":{"line":26,"column":19},"end":{"line":26,"column":50}},"16":{"start":{"line":27,"column":4},"end":{"line":27,"column":16}},"17":{"start":{"line":29,"column":4},"end":{"line":29,"column":78}},"18":{"start":{"line":30,"column":4},"end":{"line":30,"column":14}},"19":{"start":{"line":35,"column":21},"end":{"line":35,"column":47}},"20":{"start":{"line":36,"column":2},"end":{"line":46,"column":3}},"21":{"start":{"line":37,"column":4},"end":{"line":37,"column":40}},"22":{"start":{"line":38,"column":19},"end":{"line":38,"column":45}},"23":{"start":{"line":39,"column":4},"end":{"line":39,"column":30}},"24":{"start":{"line":40,"column":4},"end":{"line":40,"column":18}},"25":{"start":{"line":42,"column":4},"end":{"line":42,"column":32}},"26":{"start":{"line":43,"column":4},"end":{"line":43,"column":14}},"27":{"start":{"line":45,"column":4},"end":{"line":45,"column":25}},"28":{"start":{"line":50,"column":2},"end":{"line":50,"column":19}},"29":{"start":{"line":51,"column":2},"end":{"line":51,"column":46}},"30":{"start":{"line":54,"column":0},"end":{"line":60,"column":2}}},"fnMap":{"0":{"name":"(anonymous_0)","decl":{"start":{"line":7,"column":17},"end":{"line":7,"column":18}},"loc":{"start":{"line":7,"column":26},"end":{"line":9,"column":1}},"line":7},"1":{"name":"testConnection","decl":{"start":{"line":11,"column":15},"end":{"line":11,"column":29}},"loc":{"start":{"line":11,"column":32},"end":{"line":22,"column":1}},"line":11},"2":{"name":"query","decl":{"start":{"line":24,"column":15},"end":{"line":24,"column":20}},"loc":{"start":{"line":24,"column":34},"end":{"line":32,"column":1}},"line":24},"3":{"name":"transaction","decl":{"start":{"line":34,"column":15},"end":{"line":34,"column":26}},"loc":{"start":{"line":34,"column":37},"end":{"line":47,"column":1}},"line":34},"4":{"name":"close","decl":{"start":{"line":49,"column":15},"end":{"line":49,"column":20}},"loc":{"start":{"line":49,"column":23},"end":{"line":52,"column":1}},"line":49}},"branchMap":{},"s":{"0":2,"1":2,"2":2,"3":2,"4":2,"5":0,"6":5,"7":5,"8":5,"9":5,"10":5,"11":5,"12":0,"13":0,"14":31,"15":31,"16":31,"17":0,"18":0,"19":0,"20":0,"21":0,"22":0,"23":0,"24":0,"25":0,"26":0,"27":0,"28":0,"29":0,"30":2},"f":{"0":0,"1":5,"2":31,"3":0,"4":0},"b":{},"_coverageSchema":"1a1c01bbd47fc00a2c39e90264f33305004495a9","hash":"18d39531fae3ca1129b1dc98973680d29c03cb31"}
,"D:\\Nemotron\\VRMS\\server\\config\\env.js": {"path":"D:\\Nemotron\\VRMS\\server\\config\\env.js","statementMap":{"0":{"start":{"line":1,"column":0},"end":{"line":1,"column":27}},"1":{"start":{"line":3,"column":24},"end":{"line":13,"column":1}},"2":{"start":{"line":15,"column":20},"end":{"line":15,"column":64}},"3":{"start":{"line":15,"column":48},"end":{"line":15,"column":63}},"4":{"start":{"line":16,"column":0},"end":{"line":19,"column":1}},"5":{"start":{"line":17,"column":2},"end":{"line":17,"column":83}},"6":{"start":{"line":18,"column":2},"end":{"line":18,"column":18}},"7":{"start":{"line":21,"column":0},"end":{"line":68,"column":2}}},"fnMap":{"0":{"name":"(anonymous_0)","decl":{"start":{"line":15,"column":43},"end":{"line":15,"column":44}},"loc":{"start":{"line":15,"column":48},"end":{"line":15,"column":63}},"line":15}},"branchMap":{"0":{"loc":{"start":{"line":16,"column":0},"end":{"line":19,"column":1}},"type":"if","locations":[{"start":{"line":16,"column":0},"end":{"line":19,"column":1}},{"start":{},"end":{}}],"line":16},"1":{"loc":{"start":{"line":22,"column":11},"end":{"line":22,"column":48}},"type":"binary-expr","locations":[{"start":{"line":22,"column":11},"end":{"line":22,"column":31}},{"start":{"line":22,"column":35},"end":{"line":22,"column":48}}],"line":22},"2":{"loc":{"start":{"line":23,"column":8},"end":{"line":23,"column":46}},"type":"binary-expr","locations":[{"start":{"line":23,"column":8},"end":{"line":23,"column":38}},{"start":{"line":23,"column":42},"end":{"line":23,"column":46}}],"line":23},"3":{"loc":{"start":{"line":24,"column":10},"end":{"line":24,"column":56}},"type":"binary-expr","locations":[{"start":{"line":24,"column":10},"end":{"line":24,"column":29}},{"start":{"line":24,"column":33},"end":{"line":24,"column":56}}],"line":24},"4":{"loc":{"start":{"line":28,"column":10},"end":{"line":28,"column":57}},"type":"binary-expr","locations":[{"start":{"line":28,"column":10},"end":{"line":28,"column":49}},{"start":{"line":28,"column":53},"end":{"line":28,"column":57}}],"line":28},"5":{"loc":{"start":{"line":31,"column":14},"end":{"line":31,"column":49}},"type":"binary-expr","locations":[{"start":{"line":31,"column":14},"end":{"line":31,"column":43}},{"start":{"line":31,"column":47},"end":{"line":31,"column":49}}],"line":31},"6":{"loc":{"start":{"line":41,"column":18},"end":{"line":41,"column":56}},"type":"binary-expr","locations":[{"start":{"line":41,"column":18},"end":{"line":41,"column":47}},{"start":{"line":41,"column":51},"end":{"line":41,"column":56}}],"line":41},"7":{"loc":{"start":{"line":42,"column":19},"end":{"line":42,"column":57}},"type":"binary-expr","locations":[{"start":{"line":42,"column":19},"end":{"line":42,"column":49}},{"start":{"line":42,"column":53},"end":{"line":42,"column":57}}],"line":42},"8":{"loc":{"start":{"line":52,"column":9},"end":{"line":52,"column":54}},"type":"binary-expr","locations":[{"start":{"line":52,"column":9},"end":{"line":52,"column":31}},{"start":{"line":52,"column":35},"end":{"line":52,"column":54}}],"line":52},"9":{"loc":{"start":{"line":53,"column":17},"end":{"line":53,"column":67}},"type":"binary-expr","locations":[{"start":{"line":53,"column":17},"end":{"line":53,"column":56}},{"start":{"line":53,"column":60},"end":{"line":53,"column":67}}],"line":53},"10":{"loc":{"start":{"line":57,"column":14},"end":{"line":57,"column":69}},"type":"binary-expr","locations":[{"start":{"line":57,"column":14},"end":{"line":57,"column":60}},{"start":{"line":57,"column":64},"end":{"line":57,"column":69}}],"line":57},"11":{"loc":{"start":{"line":58,"column":17},"end":{"line":58,"column":73}},"type":"binary-expr","locations":[{"start":{"line":58,"column":17},"end":{"line":58,"column":66}},{"start":{"line":58,"column":70},"end":{"line":58,"column":73}}],"line":58},"12":{"loc":{"start":{"line":62,"column":12},"end":{"line":62,"column":62}},"type":"binary-expr","locations":[{"start":{"line":62,"column":12},"end":{"line":62,"column":35}},{"start":{"line":62,"column":39},"end":{"line":62,"column":62}}],"line":62},"13":{"loc":{"start":{"line":66,"column":11},"end":{"line":66,"column":42}},"type":"binary-expr","locations":[{"start":{"line":66,"column":11},"end":{"line":66,"column":32}},{"start":{"line":66,"column":36},"end":{"line":66,"column":42}}],"line":66}},"s":{"0":2,"1":2,"2":2,"3":18,"4":2,"5":0,"6":0,"7":2},"f":{"0":18},"b":{"0":[0,2],"1":[2,0],"2":[2,0],"3":[2,0],"4":[2,0],"5":[2,0],"6":[2,0],"7":[2,0],"8":[2,0],"9":[2,0],"10":[2,0],"11":[2,0],"12":[2,0],"13":[2,0]},"_coverageSchema":"1a1c01bbd47fc00a2c39e90264f33305004495a9","hash":"66ba3267361eea57dba3ce376071efd6bc74164c"}
,"D:\\Nemotron\\VRMS\\server\\controllers\\authController.js": {"path":"D:\\Nemotron\\VRMS\\server\\controllers\\authController.js","statementMap":{"0":{"start":{"line":1,"column":20},"end":{"line":1,"column":54}},"1":{"start":{"line":2,"column":15},"end":{"line":2,"column":39}},"2":{"start":{"line":3,"column":21},"end":{"line":3,"column":58}},"3":{"start":{"line":4,"column":15},"end":{"line":4,"column":41}},"4":{"start":{"line":6,"column":23},"end":{"line":11,"column":1}},"5":{"start":{"line":13,"column":30},"end":{"line":16,"column":1}},"6":{"start":{"line":19,"column":2},"end":{"line":19,"column":64}},"7":{"start":{"line":20,"column":2},"end":{"line":20,"column":59}},"8":{"start":{"line":24,"column":2},"end":{"line":24,"column":111}},"9":{"start":{"line":25,"column":2},"end":{"line":25,"column":112}},"10":{"start":{"line":29,"column":2},"end":{"line":40,"column":3}},"11":{"start":{"line":30,"column":51},"end":{"line":30,"column":59}},"12":{"start":{"line":31,"column":19},"end":{"line":31,"column":85}},"13":{"start":{"line":32,"column":4},"end":{"line":32,"column":65}},"14":{"start":{"line":33,"column":4},"end":{"line":37,"column":7}},"15":{"start":{"line":39,"column":4},"end":{"line":39,"column":14}},"16":{"start":{"line":44,"column":2},"end":{"line":55,"column":3}},"17":{"start":{"line":45,"column":32},"end":{"line":45,"column":40}},"18":{"start":{"line":46,"column":19},"end":{"line":46,"column":63}},"19":{"start":{"line":47,"column":4},"end":{"line":47,"column":65}},"20":{"start":{"line":48,"column":4},"end":{"line":52,"column":7}},"21":{"start":{"line":54,"column":4},"end":{"line":54,"column":14}},"22":{"start":{"line":59,"column":2},"end":{"line":65,"column":3}},"23":{"start":{"line":60,"column":4},"end":{"line":60,"column":56}},"24":{"start":{"line":61,"column":4},"end":{"line":61,"column":26}},"25":{"start":{"line":62,"column":4},"end":{"line":62,"column":62}},"26":{"start":{"line":64,"column":4},"end":{"line":64,"column":14}},"27":{"start":{"line":69,"column":2},"end":{"line":74,"column":3}},"28":{"start":{"line":70,"column":17},"end":{"line":70,"column":62}},"29":{"start":{"line":71,"column":4},"end":{"line":71,"column":48}},"30":{"start":{"line":73,"column":4},"end":{"line":73,"column":14}},"31":{"start":{"line":77,"column":0},"end":{"line":77,"column":49}}},"fnMap":{"0":{"name":"setAuthCookies","decl":{"start":{"line":18,"column":9},"end":{"line":18,"column":23}},"loc":{"start":{"line":18,"column":56},"end":{"line":21,"column":1}},"line":18},"1":{"name":"clearAuthCookies","decl":{"start":{"line":23,"column":9},"end":{"line":23,"column":25}},"loc":{"start":{"line":23,"column":31},"end":{"line":26,"column":1}},"line":23},"2":{"name":"register","decl":{"start":{"line":28,"column":15},"end":{"line":28,"column":23}},"loc":{"start":{"line":28,"column":40},"end":{"line":41,"column":1}},"line":28},"3":{"name":"login","decl":{"start":{"line":43,"column":15},"end":{"line":43,"column":20}},"loc":{"start":{"line":43,"column":37},"end":{"line":56,"column":1}},"line":43},"4":{"name":"logout","decl":{"start":{"line":58,"column":15},"end":{"line":58,"column":21}},"loc":{"start":{"line":58,"column":38},"end":{"line":66,"column":1}},"line":58},"5":{"name":"me","decl":{"start":{"line":68,"column":15},"end":{"line":68,"column":17}},"loc":{"start":{"line":68,"column":34},"end":{"line":75,"column":1}},"line":68}},"branchMap":{},"s":{"0":2,"1":2,"2":2,"3":2,"4":2,"5":2,"6":6,"7":6,"8":2,"9":2,"10":4,"11":4,"12":4,"13":3,"14":3,"15":1,"16":15,"17":15,"18":15,"19":3,"20":3,"21":12,"22":2,"23":2,"24":2,"25":2,"26":0,"27":5,"28":5,"29":5,"30":0,"31":2},"f":{"0":6,"1":2,"2":4,"3":15,"4":2,"5":5},"b":{},"_coverageSchema":"1a1c01bbd47fc00a2c39e90264f33305004495a9","hash":"d7ab1e97af1d12aa7086307bbc0684739e4ace83"}
,"D:\\Nemotron\\VRMS\\server\\middleware\\auth.js": {"path":"D:\\Nemotron\\VRMS\\server\\middleware\\auth.js","statementMap":{"0":{"start":{"line":1,"column":12},"end":{"line":1,"column":35}},"1":{"start":{"line":2,"column":15},"end":{"line":2,"column":39}},"2":{"start":{"line":3,"column":21},"end":{"line":3,"column":46}},"3":{"start":{"line":4,"column":15},"end":{"line":4,"column":41}},"4":{"start":{"line":6,"column":21},"end":{"line":28,"column":1}},"5":{"start":{"line":7,"column":16},"end":{"line":7,"column":40}},"6":{"start":{"line":9,"column":2},"end":{"line":11,"column":3}},"7":{"start":{"line":10,"column":4},"end":{"line":10,"column":78}},"8":{"start":{"line":13,"column":2},"end":{"line":27,"column":3}},"9":{"start":{"line":14,"column":20},"end":{"line":14,"column":62}},"10":{"start":{"line":15,"column":4},"end":{"line":19,"column":6}},"11":{"start":{"line":20,"column":4},"end":{"line":20,"column":11}},"12":{"start":{"line":22,"column":4},"end":{"line":24,"column":5}},"13":{"start":{"line":23,"column":6},"end":{"line":23,"column":71}},"14":{"start":{"line":25,"column":4},"end":{"line":25,"column":69}},"15":{"start":{"line":26,"column":4},"end":{"line":26,"column":68}},"16":{"start":{"line":30,"column":21},"end":{"line":48,"column":1}},"17":{"start":{"line":31,"column":16},"end":{"line":31,"column":40}},"18":{"start":{"line":33,"column":2},"end":{"line":35,"column":3}},"19":{"start":{"line":34,"column":4},"end":{"line":34,"column":18}},"20":{"start":{"line":37,"column":2},"end":{"line":46,"column":3}},"21":{"start":{"line":38,"column":20},"end":{"line":38,"column":62}},"22":{"start":{"line":39,"column":4},"end":{"line":43,"column":6}},"23":{"start":{"line":47,"column":2},"end":{"line":47,"column":9}},"24":{"start":{"line":50,"column":0},"end":{"line":50,"column":48}}},"fnMap":{"0":{"name":"(anonymous_0)","decl":{"start":{"line":6,"column":21},"end":{"line":6,"column":22}},"loc":{"start":{"line":6,"column":41},"end":{"line":28,"column":1}},"line":6},"1":{"name":"(anonymous_1)","decl":{"start":{"line":30,"column":21},"end":{"line":30,"column":22}},"loc":{"start":{"line":30,"column":41},"end":{"line":48,"column":1}},"line":30}},"branchMap":{"0":{"loc":{"start":{"line":9,"column":2},"end":{"line":11,"column":3}},"type":"if","locations":[{"start":{"line":9,"column":2},"end":{"line":11,"column":3}},{"start":{},"end":{}}],"line":9},"1":{"loc":{"start":{"line":22,"column":4},"end":{"line":24,"column":5}},"type":"if","locations":[{"start":{"line":22,"column":4},"end":{"line":24,"column":5}},{"start":{},"end":{}}],"line":22},"2":{"loc":{"start":{"line":33,"column":2},"end":{"line":35,"column":3}},"type":"if","locations":[{"start":{"line":33,"column":2},"end":{"line":35,"column":3}},{"start":{},"end":{}}],"line":33}},"s":{"0":2,"1":2,"2":2,"3":2,"4":2,"5":7,"6":7,"7":1,"8":6,"9":6,"10":5,"11":5,"12":1,"13":0,"14":1,"15":1,"16":2,"17":0,"18":0,"19":0,"20":0,"21":0,"22":0,"23":0,"24":2},"f":{"0":7,"1":0},"b":{"0":[1,6],"1":[0,1],"2":[0,0]},"_coverageSchema":"1a1c01bbd47fc00a2c39e90264f33305004495a9","hash":"a4364eb4f98bc4eb589628d825f52d685ff277f6"}
,"D:\\Nemotron\\VRMS\\server\\middleware\\errorHandler.js": {"path":"D:\\Nemotron\\VRMS\\server\\middleware\\errorHandler.js","statementMap":{"0":{"start":{"line":1,"column":15},"end":{"line":1,"column":41}},"1":{"start":{"line":2,"column":15},"end":{"line":2,"column":39}},"2":{"start":{"line":6,"column":4},"end":{"line":6,"column":19}},"3":{"start":{"line":7,"column":4},"end":{"line":7,"column":33}},"4":{"start":{"line":8,"column":4},"end":{"line":8,"column":31}},"5":{"start":{"line":9,"column":4},"end":{"line":9,"column":30}},"6":{"start":{"line":10,"column":4},"end":{"line":10,"column":52}},"7":{"start":{"line":14,"column":21},"end":{"line":61,"column":1}},"8":{"start":{"line":15,"column":14},"end":{"line":15,"column":24}},"9":{"start":{"line":16,"column":2},"end":{"line":16,"column":30}},"10":{"start":{"line":18,"column":2},"end":{"line":25,"column":5}},"11":{"start":{"line":27,"column":2},"end":{"line":29,"column":3}},"12":{"start":{"line":28,"column":4},"end":{"line":28,"column":71}},"13":{"start":{"line":31,"column":2},"end":{"line":33,"column":3}},"14":{"start":{"line":32,"column":4},"end":{"line":32,"column":74}},"15":{"start":{"line":35,"column":2},"end":{"line":37,"column":3}},"16":{"start":{"line":36,"column":4},"end":{"line":36,"column":64}},"17":{"start":{"line":39,"column":2},"end":{"line":41,"column":3}},"18":{"start":{"line":40,"column":4},"end":{"line":40,"column":68}},"19":{"start":{"line":43,"column":2},"end":{"line":45,"column":3}},"20":{"start":{"line":44,"column":4},"end":{"line":44,"column":82}},"21":{"start":{"line":47,"column":2},"end":{"line":49,"column":3}},"22":{"start":{"line":48,"column":4},"end":{"line":48,"column":66}},"23":{"start":{"line":51,"column":21},"end":{"line":51,"column":44}},"24":{"start":{"line":52,"column":20},"end":{"line":52,"column":55}},"25":{"start":{"line":53,"column":18},"end":{"line":53,"column":79}},"26":{"start":{"line":55,"column":2},"end":{"line":60,"column":5}},"27":{"start":{"line":63,"column":0},"end":{"line":63,"column":44}}},"fnMap":{"0":{"name":"(anonymous_0)","decl":{"start":{"line":5,"column":2},"end":{"line":5,"column":3}},"loc":{"start":{"line":5,"column":71},"end":{"line":11,"column":3}},"line":5},"1":{"name":"(anonymous_1)","decl":{"start":{"line":14,"column":21},"end":{"line":14,"column":22}},"loc":{"start":{"line":14,"column":46},"end":{"line":61,"column":1}},"line":14}},"branchMap":{"0":{"loc":{"start":{"line":5,"column":23},"end":{"line":5,"column":39}},"type":"default-arg","locations":[{"start":{"line":5,"column":36},"end":{"line":5,"column":39}}],"line":5},"1":{"loc":{"start":{"line":5,"column":41},"end":{"line":5,"column":69}},"type":"default-arg","locations":[{"start":{"line":5,"column":53},"end":{"line":5,"column":69}}],"line":5},"2":{"loc":{"start":{"line":20,"column":11},"end":{"line":20,"column":67}},"type":"cond-expr","locations":[{"start":{"line":20,"column":46},"end":{"line":20,"column":55}},{"start":{"line":20,"column":58},"end":{"line":20,"column":67}}],"line":20},"3":{"loc":{"start":{"line":24,"column":16},"end":{"line":24,"column":39}},"type":"binary-expr","locations":[{"start":{"line":24,"column":16},"end":{"line":24,"column":32}},{"start":{"line":24,"column":36},"end":{"line":24,"column":39}}],"line":24},"4":{"loc":{"start":{"line":27,"column":2},"end":{"line":29,"column":3}},"type":"if","locations":[{"start":{"line":27,"column":2},"end":{"line":29,"column":3}},{"start":{},"end":{}}],"line":27},"5":{"loc":{"start":{"line":31,"column":2},"end":{"line":33,"column":3}},"type":"if","locations":[{"start":{"line":31,"column":2},"end":{"line":33,"column":3}},{"start":{},"end":{}}],"line":31},"6":{"loc":{"start":{"line":31,"column":6},"end":{"line":31,"column":74}},"type":"binary-expr","locations":[{"start":{"line":31,"column":6},"end":{"line":31,"column":38}},{"start":{"line":31,"column":42},"end":{"line":31,"column":74}}],"line":31},"7":{"loc":{"start":{"line":35,"column":2},"end":{"line":37,"column":3}},"type":"if","locations":[{"start":{"line":35,"column":2},"end":{"line":37,"column":3}},{"start":{},"end":{}}],"line":35},"8":{"loc":{"start":{"line":39,"column":2},"end":{"line":41,"column":3}},"type":"if","locations":[{"start":{"line":39,"column":2},"end":{"line":41,"column":3}},{"start":{},"end":{}}],"line":39},"9":{"loc":{"start":{"line":43,"column":2},"end":{"line":45,"column":3}},"type":"if","locations":[{"start":{"line":43,"column":2},"end":{"line":45,"column":3}},{"start":{},"end":{}}],"line":43},"10":{"loc":{"start":{"line":43,"column":6},"end":{"line":43,"column":84}},"type":"binary-expr","locations":[{"start":{"line":43,"column":6},"end":{"line":43,"column":43}},{"start":{"line":43,"column":47},"end":{"line":43,"column":84}}],"line":43},"11":{"loc":{"start":{"line":47,"column":2},"end":{"line":49,"column":3}},"type":"if","locations":[{"start":{"line":47,"column":2},"end":{"line":49,"column":3}},{"start":{},"end":{}}],"line":47},"12":{"loc":{"start":{"line":51,"column":21},"end":{"line":51,"column":44}},"type":"binary-expr","locations":[{"start":{"line":51,"column":21},"end":{"line":51,"column":37}},{"start":{"line":51,"column":41},"end":{"line":51,"column":44}}],"line":51},"13":{"loc":{"start":{"line":52,"column":20},"end":{"line":52,"column":55}},"type":"binary-expr","locations":[{"start":{"line":52,"column":20},"end":{"line":52,"column":35}},{"start":{"line":52,"column":39},"end":{"line":52,"column":55}}],"line":52},"14":{"loc":{"start":{"line":53,"column":18},"end":{"line":53,"column":79}},"type":"cond-expr","locations":[{"start":{"line":53,"column":40},"end":{"line":53,"column":53}},{"start":{"line":53,"column":56},"end":{"line":53,"column":79}}],"line":53},"15":{"loc":{"start":{"line":59,"column":8},"end":{"line":59,"column":64}},"type":"binary-expr","locations":[{"start":{"line":59,"column":8},"end":{"line":59,"column":40}},{"start":{"line":59,"column":44},"end":{"line":59,"column":64}}],"line":59}},"s":{"0":2,"1":2,"2":21,"3":21,"4":21,"5":21,"6":21,"7":2,"8":21,"9":21,"10":21,"11":21,"12":0,"13":21,"14":0,"15":21,"16":0,"17":21,"18":0,"19":21,"20":0,"21":21,"22":0,"23":21,"24":21,"25":21,"26":21,"27":2},"f":{"0":21,"1":21},"b":{"0":[0],"1":[0],"2":[0,21],"3":[21,0],"4":[0,21],"5":[0,21],"6":[21,21],"7":[0,21],"8":[0,21],"9":[0,21],"10":[21,21],"11":[0,21],"12":[21,0],"13":[21,0],"14":[21,0],"15":[21,0]},"_coverageSchema":"1a1c01bbd47fc00a2c39e90264f33305004495a9","hash":"7769bf2ac8199801497819a5f7f7f04aaa3f5088"}
,"D:\\Nemotron\\VRMS\\server\\middleware\\rateLimiter.js": {"path":"D:\\Nemotron\\VRMS\\server\\middleware\\rateLimiter.js","statementMap":{"0":{"start":{"line":1,"column":18},"end":{"line":1,"column":47}},"1":{"start":{"line":2,"column":15},"end":{"line":2,"column":39}},"2":{"start":{"line":3,"column":21},"end":{"line":3,"column":46}},"3":{"start":{"line":5,"column":19},"end":{"line":16,"column":2}},"4":{"start":{"line":15,"column":25},"end":{"line":15,"column":31}},"5":{"start":{"line":18,"column":20},"end":{"line":29,"column":2}},"6":{"start":{"line":28,"column":25},"end":{"line":28,"column":61}},"7":{"start":{"line":31,"column":22},"end":{"line":42,"column":2}},"8":{"start":{"line":41,"column":25},"end":{"line":41,"column":31}},"9":{"start":{"line":44,"column":0},"end":{"line":48,"column":2}}},"fnMap":{"0":{"name":"(anonymous_0)","decl":{"start":{"line":15,"column":16},"end":{"line":15,"column":17}},"loc":{"start":{"line":15,"column":25},"end":{"line":15,"column":31}},"line":15},"1":{"name":"(anonymous_1)","decl":{"start":{"line":28,"column":16},"end":{"line":28,"column":17}},"loc":{"start":{"line":28,"column":25},"end":{"line":28,"column":61}},"line":28},"2":{"name":"(anonymous_2)","decl":{"start":{"line":41,"column":16},"end":{"line":41,"column":17}},"loc":{"start":{"line":41,"column":25},"end":{"line":41,"column":31}},"line":41}},"branchMap":{"0":{"loc":{"start":{"line":28,"column":38},"end":{"line":28,"column":59}},"type":"binary-expr","locations":[{"start":{"line":28,"column":38},"end":{"line":28,"column":53}},{"start":{"line":28,"column":57},"end":{"line":28,"column":59}}],"line":28}},"s":{"0":2,"1":2,"2":2,"3":2,"4":42,"5":2,"6":26,"7":2,"8":0,"9":2},"f":{"0":42,"1":26,"2":0},"b":{"0":[26,0]},"_coverageSchema":"1a1c01bbd47fc00a2c39e90264f33305004495a9","hash":"8b7902e795e4342ebf702b436f82cf9c45426d9a"}
,"D:\\Nemotron\\VRMS\\server\\repositories\\userRepository.js": {"path":"D:\\Nemotron\\VRMS\\server\\repositories\\userRepository.js","statementMap":{"0":{"start":{"line":1,"column":31},"end":{"line":1,"column":60}},"1":{"start":{"line":2,"column":23},"end":{"line":2,"column":38}},"2":{"start":{"line":3,"column":15},"end":{"line":3,"column":41}},"3":{"start":{"line":6,"column":13},"end":{"line":6,"column":21}},"4":{"start":{"line":7,"column":53},"end":{"line":7,"column":61}},"5":{"start":{"line":9,"column":14},"end":{"line":12,"column":3}},"6":{"start":{"line":14,"column":2},"end":{"line":14,"column":65}},"7":{"start":{"line":15,"column":2},"end":{"line":15,"column":59}},"8":{"start":{"line":17,"column":2},"end":{"line":17,"column":42}},"9":{"start":{"line":21,"column":14},"end":{"line":21,"column":51}},"10":{"start":{"line":22,"column":15},"end":{"line":22,"column":40}},"11":{"start":{"line":23,"column":2},"end":{"line":23,"column":25}},"12":{"start":{"line":27,"column":14},"end":{"line":27,"column":122}},"13":{"start":{"line":28,"column":15},"end":{"line":28,"column":37}},"14":{"start":{"line":29,"column":2},"end":{"line":29,"column":25}},"15":{"start":{"line":33,"column":14},"end":{"line":33,"column":79}},"16":{"start":{"line":34,"column":2},"end":{"line":34,"column":29}},"17":{"start":{"line":38,"column":14},"end":{"line":38,"column":56}},"18":{"start":{"line":39,"column":2},"end":{"line":39,"column":37}},"19":{"start":{"line":42,"column":0},"end":{"line":48,"column":2}}},"fnMap":{"0":{"name":"createUser","decl":{"start":{"line":5,"column":15},"end":{"line":5,"column":25}},"loc":{"start":{"line":5,"column":36},"end":{"line":18,"column":1}},"line":5},"1":{"name":"findUserByEmail","decl":{"start":{"line":20,"column":15},"end":{"line":20,"column":30}},"loc":{"start":{"line":20,"column":38},"end":{"line":24,"column":1}},"line":20},"2":{"name":"findUserById","decl":{"start":{"line":26,"column":15},"end":{"line":26,"column":27}},"loc":{"start":{"line":26,"column":32},"end":{"line":30,"column":1}},"line":26},"3":{"name":"updateLastLogin","decl":{"start":{"line":32,"column":15},"end":{"line":32,"column":30}},"loc":{"start":{"line":32,"column":39},"end":{"line":35,"column":1}},"line":32},"4":{"name":"updateUserStatus","decl":{"start":{"line":37,"column":15},"end":{"line":37,"column":31}},"loc":{"start":{"line":37,"column":48},"end":{"line":40,"column":1}},"line":37}},"branchMap":{"0":{"loc":{"start":{"line":23,"column":9},"end":{"line":23,"column":24}},"type":"binary-expr","locations":[{"start":{"line":23,"column":9},"end":{"line":23,"column":16}},{"start":{"line":23,"column":20},"end":{"line":23,"column":24}}],"line":23},"1":{"loc":{"start":{"line":29,"column":9},"end":{"line":29,"column":24}},"type":"binary-expr","locations":[{"start":{"line":29,"column":9},"end":{"line":29,"column":16}},{"start":{"line":29,"column":20},"end":{"line":29,"column":24}}],"line":29}},"s":{"0":2,"1":2,"2":2,"3":3,"4":3,"5":3,"6":3,"7":3,"8":3,"9":19,"10":19,"11":19,"12":5,"13":5,"14":5,"15":3,"16":3,"17":0,"18":0,"19":2},"f":{"0":3,"1":19,"2":5,"3":3,"4":0},"b":{"0":[19,14],"1":[5,0]},"_coverageSchema":"1a1c01bbd47fc00a2c39e90264f33305004495a9","hash":"5f3a759a171b0cab9356300c797b71adede12153"}
,"D:\\Nemotron\\VRMS\\server\\routes\\admin.js": {"path":"D:\\Nemotron\\VRMS\\server\\routes\\admin.js","statementMap":{"0":{"start":{"line":1,"column":16},"end":{"line":1,"column":34}},"1":{"start":{"line":2,"column":15},"end":{"line":2,"column":31}},"2":{"start":{"line":4,"column":0},"end":{"line":6,"column":3}},"3":{"start":{"line":5,"column":2},"end":{"line":5,"column":101}},"4":{"start":{"line":8,"column":0},"end":{"line":10,"column":3}},"5":{"start":{"line":9,"column":2},"end":{"line":9,"column":101}},"6":{"start":{"line":12,"column":0},"end":{"line":14,"column":3}},"7":{"start":{"line":13,"column":2},"end":{"line":13,"column":101}},"8":{"start":{"line":16,"column":0},"end":{"line":18,"column":3}},"9":{"start":{"line":17,"column":2},"end":{"line":17,"column":101}},"10":{"start":{"line":20,"column":0},"end":{"line":22,"column":3}},"11":{"start":{"line":21,"column":2},"end":{"line":21,"column":101}},"12":{"start":{"line":24,"column":0},"end":{"line":26,"column":3}},"13":{"start":{"line":25,"column":2},"end":{"line":25,"column":101}},"14":{"start":{"line":28,"column":0},"end":{"line":30,"column":3}},"15":{"start":{"line":29,"column":2},"end":{"line":29,"column":101}},"16":{"start":{"line":32,"column":0},"end":{"line":34,"column":3}},"17":{"start":{"line":33,"column":2},"end":{"line":33,"column":101}},"18":{"start":{"line":36,"column":0},"end":{"line":38,"column":3}},"19":{"start":{"line":37,"column":2},"end":{"line":37,"column":101}},"20":{"start":{"line":40,"column":0},"end":{"line":42,"column":3}},"21":{"start":{"line":41,"column":2},"end":{"line":41,"column":101}},"22":{"start":{"line":44,"column":0},"end":{"line":46,"column":3}},"23":{"start":{"line":45,"column":2},"end":{"line":45,"column":101}},"24":{"start":{"line":48,"column":0},"end":{"line":50,"column":3}},"25":{"start":{"line":49,"column":2},"end":{"line":49,"column":101}},"26":{"start":{"line":52,"column":0},"end":{"line":54,"column":3}},"27":{"start":{"line":53,"column":2},"end":{"line":53,"column":101}},"28":{"start":{"line":56,"column":0},"end":{"line":56,"column":24}}},"fnMap":{"0":{"name":"(anonymous_0)","decl":{"start":{"line":4,"column":25},"end":{"line":4,"column":26}},"loc":{"start":{"line":4,"column":39},"end":{"line":6,"column":1}},"line":4},"1":{"name":"(anonymous_1)","decl":{"start":{"line":8,"column":29},"end":{"line":8,"column":30}},"loc":{"start":{"line":8,"column":43},"end":{"line":10,"column":1}},"line":8},"2":{"name":"(anonymous_2)","decl":{"start":{"line":12,"column":40},"end":{"line":12,"column":41}},"loc":{"start":{"line":12,"column":54},"end":{"line":14,"column":1}},"line":12},"3":{"name":"(anonymous_3)","decl":{"start":{"line":16,"column":49},"end":{"line":16,"column":50}},"loc":{"start":{"line":16,"column":63},"end":{"line":18,"column":1}},"line":16},"4":{"name":"(anonymous_4)","decl":{"start":{"line":20,"column":48},"end":{"line":20,"column":49}},"loc":{"start":{"line":20,"column":62},"end":{"line":22,"column":1}},"line":20},"5":{"name":"(anonymous_5)","decl":{"start":{"line":24,"column":21},"end":{"line":24,"column":22}},"loc":{"start":{"line":24,"column":35},"end":{"line":26,"column":1}},"line":24},"6":{"name":"(anonymous_6)","decl":{"start":{"line":28,"column":25},"end":{"line":28,"column":26}},"loc":{"start":{"line":28,"column":39},"end":{"line":30,"column":1}},"line":28},"7":{"name":"(anonymous_7)","decl":{"start":{"line":32,"column":34},"end":{"line":32,"column":35}},"loc":{"start":{"line":32,"column":48},"end":{"line":34,"column":1}},"line":32},"8":{"name":"(anonymous_8)","decl":{"start":{"line":36,"column":30},"end":{"line":36,"column":31}},"loc":{"start":{"line":36,"column":44},"end":{"line":38,"column":1}},"line":36},"9":{"name":"(anonymous_9)","decl":{"start":{"line":40,"column":32},"end":{"line":40,"column":33}},"loc":{"start":{"line":40,"column":46},"end":{"line":42,"column":1}},"line":40},"10":{"name":"(anonymous_10)","decl":{"start":{"line":44,"column":32},"end":{"line":44,"column":33}},"loc":{"start":{"line":44,"column":46},"end":{"line":46,"column":1}},"line":44},"11":{"name":"(anonymous_11)","decl":{"start":{"line":48,"column":32},"end":{"line":48,"column":33}},"loc":{"start":{"line":48,"column":46},"end":{"line":50,"column":1}},"line":48},"12":{"name":"(anonymous_12)","decl":{"start":{"line":52,"column":26},"end":{"line":52,"column":27}},"loc":{"start":{"line":52,"column":40},"end":{"line":54,"column":1}},"line":52}},"branchMap":{},"s":{"0":2,"1":2,"2":2,"3":0,"4":2,"5":0,"6":2,"7":0,"8":2,"9":0,"10":2,"11":0,"12":2,"13":0,"14":2,"15":0,"16":2,"17":0,"18":2,"19":0,"20":2,"21":0,"22":2,"23":0,"24":2,"25":0,"26":2,"27":0,"28":2},"f":{"0":0,"1":0,"2":0,"3":0,"4":0,"5":0,"6":0,"7":0,"8":0,"9":0,"10":0,"11":0,"12":0},"b":{},"_coverageSchema":"1a1c01bbd47fc00a2c39e90264f33305004495a9","hash":"6a1e3862b016af37a65bac2dedcf1c38dff9e114"}
,"D:\\Nemotron\\VRMS\\server\\routes\\auth.js": {"path":"D:\\Nemotron\\VRMS\\server\\routes\\auth.js","statementMap":{"0":{"start":{"line":1,"column":16},"end":{"line":1,"column":34}},"1":{"start":{"line":2,"column":15},"end":{"line":2,"column":31}},"2":{"start":{"line":3,"column":40},"end":{"line":3,"column":80}},"3":{"start":{"line":4,"column":48},"end":{"line":4,"column":87}},"4":{"start":{"line":5,"column":25},"end":{"line":5,"column":54}},"5":{"start":{"line":6,"column":24},"end":{"line":6,"column":60}},"6":{"start":{"line":8,"column":0},"end":{"line":8,"column":68}},"7":{"start":{"line":9,"column":0},"end":{"line":9,"column":59}},"8":{"start":{"line":10,"column":0},"end":{"line":10,"column":31}},"9":{"start":{"line":11,"column":0},"end":{"line":11,"column":36}},"10":{"start":{"line":13,"column":0},"end":{"line":13,"column":24}}},"fnMap":{},"branchMap":{},"s":{"0":2,"1":2,"2":2,"3":2,"4":2,"5":2,"6":2,"7":2,"8":2,"9":2,"10":2},"f":{},"b":{},"_coverageSchema":"1a1c01bbd47fc00a2c39e90264f33305004495a9","hash":"b22b8ce3ef2860d617ac6b58a0f910d91ecd8b30"}
,"D:\\Nemotron\\VRMS\\server\\routes\\bookings.js": {"path":"D:\\Nemotron\\VRMS\\server\\routes\\bookings.js","statementMap":{"0":{"start":{"line":1,"column":16},"end":{"line":1,"column":34}},"1":{"start":{"line":2,"column":15},"end":{"line":2,"column":31}},"2":{"start":{"line":4,"column":0},"end":{"line":6,"column":3}},"3":{"start":{"line":5,"column":2},"end":{"line":5,"column":101}},"4":{"start":{"line":8,"column":0},"end":{"line":10,"column":3}},"5":{"start":{"line":9,"column":2},"end":{"line":9,"column":101}},"6":{"start":{"line":12,"column":0},"end":{"line":14,"column":3}},"7":{"start":{"line":13,"column":2},"end":{"line":13,"column":101}},"8":{"start":{"line":16,"column":0},"end":{"line":18,"column":3}},"9":{"start":{"line":17,"column":2},"end":{"line":17,"column":101}},"10":{"start":{"line":20,"column":0},"end":{"line":22,"column":3}},"11":{"start":{"line":21,"column":2},"end":{"line":21,"column":101}},"12":{"start":{"line":24,"column":0},"end":{"line":24,"column":24}}},"fnMap":{"0":{"name":"(anonymous_0)","decl":{"start":{"line":4,"column":17},"end":{"line":4,"column":18}},"loc":{"start":{"line":4,"column":31},"end":{"line":6,"column":1}},"line":4},"1":{"name":"(anonymous_1)","decl":{"start":{"line":8,"column":18},"end":{"line":8,"column":19}},"loc":{"start":{"line":8,"column":32},"end":{"line":10,"column":1}},"line":8},"2":{"name":"(anonymous_2)","decl":{"start":{"line":12,"column":19},"end":{"line":12,"column":20}},"loc":{"start":{"line":12,"column":33},"end":{"line":14,"column":1}},"line":12},"3":{"name":"(anonymous_3)","decl":{"start":{"line":16,"column":29},"end":{"line":16,"column":30}},"loc":{"start":{"line":16,"column":43},"end":{"line":18,"column":1}},"line":16},"4":{"name":"(anonymous_4)","decl":{"start":{"line":20,"column":27},"end":{"line":20,"column":28}},"loc":{"start":{"line":20,"column":41},"end":{"line":22,"column":1}},"line":20}},"branchMap":{},"s":{"0":2,"1":2,"2":2,"3":0,"4":2,"5":0,"6":2,"7":0,"8":2,"9":0,"10":2,"11":0,"12":2},"f":{"0":0,"1":0,"2":0,"3":0,"4":0},"b":{},"_coverageSchema":"1a1c01bbd47fc00a2c39e90264f33305004495a9","hash":"03fb97217dbef97557270f796118404aeedc439a"}
,"D:\\Nemotron\\VRMS\\server\\routes\\notifications.js": {"path":"D:\\Nemotron\\VRMS\\server\\routes\\notifications.js","statementMap":{"0":{"start":{"line":1,"column":16},"end":{"line":1,"column":34}},"1":{"start":{"line":2,"column":15},"end":{"line":2,"column":31}},"2":{"start":{"line":4,"column":0},"end":{"line":6,"column":3}},"3":{"start":{"line":5,"column":2},"end":{"line":5,"column":101}},"4":{"start":{"line":8,"column":0},"end":{"line":10,"column":3}},"5":{"start":{"line":9,"column":2},"end":{"line":9,"column":101}},"6":{"start":{"line":12,"column":0},"end":{"line":14,"column":3}},"7":{"start":{"line":13,"column":2},"end":{"line":13,"column":101}},"8":{"start":{"line":16,"column":0},"end":{"line":16,"column":24}}},"fnMap":{"0":{"name":"(anonymous_0)","decl":{"start":{"line":4,"column":16},"end":{"line":4,"column":17}},"loc":{"start":{"line":4,"column":30},"end":{"line":6,"column":1}},"line":4},"1":{"name":"(anonymous_1)","decl":{"start":{"line":8,"column":26},"end":{"line":8,"column":27}},"loc":{"start":{"line":8,"column":40},"end":{"line":10,"column":1}},"line":8},"2":{"name":"(anonymous_2)","decl":{"start":{"line":12,"column":26},"end":{"line":12,"column":27}},"loc":{"start":{"line":12,"column":40},"end":{"line":14,"column":1}},"line":12}},"branchMap":{},"s":{"0":2,"1":2,"2":2,"3":0,"4":2,"5":0,"6":2,"7":0,"8":2},"f":{"0":0,"1":0,"2":0},"b":{},"_coverageSchema":"1a1c01bbd47fc00a2c39e90264f33305004495a9","hash":"1f0743555f0874b9d980e9e586b71d3cb26aa3a1"}
,"D:\\Nemotron\\VRMS\\server\\routes\\payments.js": {"path":"D:\\Nemotron\\VRMS\\server\\routes\\payments.js","statementMap":{"0":{"start":{"line":1,"column":16},"end":{"line":1,"column":34}},"1":{"start":{"line":2,"column":15},"end":{"line":2,"column":31}},"2":{"start":{"line":4,"column":0},"end":{"line":6,"column":3}},"3":{"start":{"line":5,"column":2},"end":{"line":5,"column":101}},"4":{"start":{"line":8,"column":0},"end":{"line":10,"column":3}},"5":{"start":{"line":9,"column":2},"end":{"line":9,"column":101}},"6":{"start":{"line":12,"column":0},"end":{"line":14,"column":3}},"7":{"start":{"line":13,"column":2},"end":{"line":13,"column":101}},"8":{"start":{"line":16,"column":0},"end":{"line":18,"column":3}},"9":{"start":{"line":17,"column":2},"end":{"line":17,"column":101}},"10":{"start":{"line":20,"column":0},"end":{"line":20,"column":24}}},"fnMap":{"0":{"name":"(anonymous_0)","decl":{"start":{"line":4,"column":29},"end":{"line":4,"column":30}},"loc":{"start":{"line":4,"column":43},"end":{"line":6,"column":1}},"line":4},"1":{"name":"(anonymous_1)","decl":{"start":{"line":8,"column":23},"end":{"line":8,"column":24}},"loc":{"start":{"line":8,"column":37},"end":{"line":10,"column":1}},"line":8},"2":{"name":"(anonymous_2)","decl":{"start":{"line":12,"column":24},"end":{"line":12,"column":25}},"loc":{"start":{"line":12,"column":38},"end":{"line":14,"column":1}},"line":12},"3":{"name":"(anonymous_3)","decl":{"start":{"line":16,"column":26},"end":{"line":16,"column":27}},"loc":{"start":{"line":16,"column":40},"end":{"line":18,"column":1}},"line":16}},"branchMap":{},"s":{"0":2,"1":2,"2":2,"3":0,"4":2,"5":0,"6":2,"7":0,"8":2,"9":0,"10":2},"f":{"0":0,"1":0,"2":0,"3":0},"b":{},"_coverageSchema":"1a1c01bbd47fc00a2c39e90264f33305004495a9","hash":"bb6debcdb873835a11f3a3ca30fb6c6eaa93bd4b"}
,"D:\\Nemotron\\VRMS\\server\\routes\\vehicles.js": {"path":"D:\\Nemotron\\VRMS\\server\\routes\\vehicles.js","statementMap":{"0":{"start":{"line":1,"column":16},"end":{"line":1,"column":34}},"1":{"start":{"line":2,"column":15},"end":{"line":2,"column":31}},"2":{"start":{"line":4,"column":0},"end":{"line":6,"column":3}},"3":{"start":{"line":5,"column":2},"end":{"line":5,"column":101}},"4":{"start":{"line":8,"column":0},"end":{"line":10,"column":3}},"5":{"start":{"line":9,"column":2},"end":{"line":9,"column":101}},"6":{"start":{"line":12,"column":0},"end":{"line":14,"column":3}},"7":{"start":{"line":13,"column":2},"end":{"line":13,"column":101}},"8":{"start":{"line":16,"column":0},"end":{"line":18,"column":3}},"9":{"start":{"line":17,"column":2},"end":{"line":17,"column":101}},"10":{"start":{"line":20,"column":0},"end":{"line":22,"column":3}},"11":{"start":{"line":21,"column":2},"end":{"line":21,"column":101}},"12":{"start":{"line":24,"column":0},"end":{"line":26,"column":3}},"13":{"start":{"line":25,"column":2},"end":{"line":25,"column":101}},"14":{"start":{"line":28,"column":0},"end":{"line":30,"column":3}},"15":{"start":{"line":29,"column":2},"end":{"line":29,"column":101}},"16":{"start":{"line":32,"column":0},"end":{"line":34,"column":3}},"17":{"start":{"line":33,"column":2},"end":{"line":33,"column":101}},"18":{"start":{"line":36,"column":0},"end":{"line":38,"column":3}},"19":{"start":{"line":37,"column":2},"end":{"line":37,"column":101}},"20":{"start":{"line":40,"column":0},"end":{"line":42,"column":3}},"21":{"start":{"line":41,"column":2},"end":{"line":41,"column":101}},"22":{"start":{"line":44,"column":0},"end":{"line":44,"column":24}}},"fnMap":{"0":{"name":"(anonymous_0)","decl":{"start":{"line":4,"column":22},"end":{"line":4,"column":23}},"loc":{"start":{"line":4,"column":36},"end":{"line":6,"column":1}},"line":4},"1":{"name":"(anonymous_1)","decl":{"start":{"line":8,"column":18},"end":{"line":8,"column":19}},"loc":{"start":{"line":8,"column":32},"end":{"line":10,"column":1}},"line":8},"2":{"name":"(anonymous_2)","decl":{"start":{"line":12,"column":17},"end":{"line":12,"column":18}},"loc":{"start":{"line":12,"column":31},"end":{"line":14,"column":1}},"line":12},"3":{"name":"(anonymous_3)","decl":{"start":{"line":16,"column":19},"end":{"line":16,"column":20}},"loc":{"start":{"line":16,"column":33},"end":{"line":18,"column":1}},"line":16},"4":{"name":"(anonymous_4)","decl":{"start":{"line":20,"column":21},"end":{"line":20,"column":22}},"loc":{"start":{"line":20,"column":35},"end":{"line":22,"column":1}},"line":20},"5":{"name":"(anonymous_5)","decl":{"start":{"line":24,"column":28},"end":{"line":24,"column":29}},"loc":{"start":{"line":24,"column":42},"end":{"line":26,"column":1}},"line":24},"6":{"name":"(anonymous_6)","decl":{"start":{"line":28,"column":22},"end":{"line":28,"column":23}},"loc":{"start":{"line":28,"column":36},"end":{"line":30,"column":1}},"line":28},"7":{"name":"(anonymous_7)","decl":{"start":{"line":32,"column":30},"end":{"line":32,"column":31}},"loc":{"start":{"line":32,"column":44},"end":{"line":34,"column":1}},"line":32},"8":{"name":"(anonymous_8)","decl":{"start":{"line":36,"column":29},"end":{"line":36,"column":30}},"loc":{"start":{"line":36,"column":43},"end":{"line":38,"column":1}},"line":36},"9":{"name":"(anonymous_9)","decl":{"start":{"line":40,"column":32},"end":{"line":40,"column":33}},"loc":{"start":{"line":40,"column":46},"end":{"line":42,"column":1}},"line":40}},"branchMap":{},"s":{"0":2,"1":2,"2":2,"3":0,"4":2,"5":0,"6":2,"7":1,"8":2,"9":0,"10":2,"11":0,"12":2,"13":0,"14":2,"15":0,"16":2,"17":0,"18":2,"19":0,"20":2,"21":0,"22":2},"f":{"0":0,"1":0,"2":1,"3":0,"4":0,"5":0,"6":0,"7":0,"8":0,"9":0},"b":{},"_coverageSchema":"1a1c01bbd47fc00a2c39e90264f33305004495a9","hash":"719feb8d8ad7013ab2eb4e5df98fff3668e3bc17"}
,"D:\\Nemotron\\VRMS\\server\\services\\authService.js": {"path":"D:\\Nemotron\\VRMS\\server\\services\\authService.js","statementMap":{"0":{"start":{"line":1,"column":15},"end":{"line":1,"column":34}},"1":{"start":{"line":2,"column":12},"end":{"line":2,"column":35}},"2":{"start":{"line":3,"column":23},"end":{"line":3,"column":38}},"3":{"start":{"line":4,"column":15},"end":{"line":4,"column":39}},"4":{"start":{"line":5,"column":23},"end":{"line":5,"column":64}},"5":{"start":{"line":6,"column":21},"end":{"line":6,"column":58}},"6":{"start":{"line":7,"column":15},"end":{"line":7,"column":41}},"7":{"start":{"line":9,"column":20},"end":{"line":9,"column":22}},"8":{"start":{"line":12,"column":2},"end":{"line":12,"column":44}},"9":{"start":{"line":16,"column":2},"end":{"line":16,"column":40}},"10":{"start":{"line":20,"column":2},"end":{"line":24,"column":4}},"11":{"start":{"line":28,"column":18},"end":{"line":28,"column":26}},"12":{"start":{"line":29,"column":2},"end":{"line":33,"column":4}},"13":{"start":{"line":37,"column":23},"end":{"line":37,"column":66}},"14":{"start":{"line":38,"column":2},"end":{"line":40,"column":3}},"15":{"start":{"line":39,"column":4},"end":{"line":39,"column":72}},"16":{"start":{"line":42,"column":2},"end":{"line":44,"column":3}},"17":{"start":{"line":43,"column":4},"end":{"line":43,"column":92}},"18":{"start":{"line":46,"column":23},"end":{"line":46,"column":51}},"19":{"start":{"line":47,"column":15},"end":{"line":47,"column":90}},"20":{"start":{"line":49,"column":22},"end":{"line":49,"column":47}},"21":{"start":{"line":50,"column":23},"end":{"line":50,"column":49}},"22":{"start":{"line":52,"column":2},"end":{"line":52,"column":67}},"23":{"start":{"line":54,"column":2},"end":{"line":64,"column":4}},"24":{"start":{"line":68,"column":15},"end":{"line":68,"column":58}},"25":{"start":{"line":69,"column":2},"end":{"line":72,"column":3}},"26":{"start":{"line":70,"column":4},"end":{"line":70,"column":83}},"27":{"start":{"line":71,"column":4},"end":{"line":71,"column":74}},"28":{"start":{"line":74,"column":2},"end":{"line":77,"column":3}},"29":{"start":{"line":75,"column":4},"end":{"line":75,"column":97}},"30":{"start":{"line":76,"column":4},"end":{"line":76,"column":73}},"31":{"start":{"line":79,"column":18},"end":{"line":79,"column":68}},"32":{"start":{"line":80,"column":2},"end":{"line":83,"column":3}},"33":{"start":{"line":81,"column":4},"end":{"line":81,"column":76}},"34":{"start":{"line":82,"column":4},"end":{"line":82,"column":74}},"35":{"start":{"line":85,"column":2},"end":{"line":85,"column":48}},"36":{"start":{"line":87,"column":22},"end":{"line":87,"column":47}},"37":{"start":{"line":88,"column":23},"end":{"line":88,"column":49}},"38":{"start":{"line":90,"column":2},"end":{"line":90,"column":60}},"39":{"start":{"line":92,"column":2},"end":{"line":102,"column":4}},"40":{"start":{"line":106,"column":2},"end":{"line":106,"column":33}},"41":{"start":{"line":107,"column":2},"end":{"line":107,"column":27}},"42":{"start":{"line":111,"column":15},"end":{"line":111,"column":56}},"43":{"start":{"line":112,"column":2},"end":{"line":114,"column":3}},"44":{"start":{"line":113,"column":4},"end":{"line":113,"column":64}},"45":{"start":{"line":115,"column":2},"end":{"line":115,"column":14}},"46":{"start":{"line":118,"column":0},"end":{"line":125,"column":2}}},"fnMap":{"0":{"name":"hashPassword","decl":{"start":{"line":11,"column":15},"end":{"line":11,"column":27}},"loc":{"start":{"line":11,"column":38},"end":{"line":13,"column":1}},"line":11},"1":{"name":"verifyPassword","decl":{"start":{"line":15,"column":15},"end":{"line":15,"column":29}},"loc":{"start":{"line":15,"column":46},"end":{"line":17,"column":1}},"line":15},"2":{"name":"generateAccessToken","decl":{"start":{"line":19,"column":9},"end":{"line":19,"column":28}},"loc":{"start":{"line":19,"column":35},"end":{"line":25,"column":1}},"line":19},"3":{"name":"generateRefreshToken","decl":{"start":{"line":27,"column":9},"end":{"line":27,"column":29}},"loc":{"start":{"line":27,"column":36},"end":{"line":34,"column":1}},"line":27},"4":{"name":"register","decl":{"start":{"line":36,"column":15},"end":{"line":36,"column":23}},"loc":{"start":{"line":36,"column":64},"end":{"line":65,"column":1}},"line":36},"5":{"name":"login","decl":{"start":{"line":67,"column":15},"end":{"line":67,"column":20}},"loc":{"start":{"line":67,"column":42},"end":{"line":103,"column":1}},"line":67},"6":{"name":"logout","decl":{"start":{"line":105,"column":15},"end":{"line":105,"column":21}},"loc":{"start":{"line":105,"column":36},"end":{"line":108,"column":1}},"line":105},"7":{"name":"getCurrentUser","decl":{"start":{"line":110,"column":15},"end":{"line":110,"column":29}},"loc":{"start":{"line":110,"column":38},"end":{"line":116,"column":1}},"line":110}},"branchMap":{"0":{"loc":{"start":{"line":38,"column":2},"end":{"line":40,"column":3}},"type":"if","locations":[{"start":{"line":38,"column":2},"end":{"line":40,"column":3}},{"start":{},"end":{}}],"line":38},"1":{"loc":{"start":{"line":42,"column":2},"end":{"line":44,"column":3}},"type":"if","locations":[{"start":{"line":42,"column":2},"end":{"line":44,"column":3}},{"start":{},"end":{}}],"line":42},"2":{"loc":{"start":{"line":42,"column":6},"end":{"line":42,"column":45}},"type":"binary-expr","locations":[{"start":{"line":42,"column":6},"end":{"line":42,"column":22}},{"start":{"line":42,"column":26},"end":{"line":42,"column":45}}],"line":42},"3":{"loc":{"start":{"line":69,"column":2},"end":{"line":72,"column":3}},"type":"if","locations":[{"start":{"line":69,"column":2},"end":{"line":72,"column":3}},{"start":{},"end":{}}],"line":69},"4":{"loc":{"start":{"line":74,"column":2},"end":{"line":77,"column":3}},"type":"if","locations":[{"start":{"line":74,"column":2},"end":{"line":77,"column":3}},{"start":{},"end":{}}],"line":74},"5":{"loc":{"start":{"line":80,"column":2},"end":{"line":83,"column":3}},"type":"if","locations":[{"start":{"line":80,"column":2},"end":{"line":83,"column":3}},{"start":{},"end":{}}],"line":80},"6":{"loc":{"start":{"line":112,"column":2},"end":{"line":114,"column":3}},"type":"if","locations":[{"start":{"line":112,"column":2},"end":{"line":114,"column":3}},{"start":{},"end":{}}],"line":112}},"s":{"0":2,"1":2,"2":2,"3":2,"4":2,"5":2,"6":2,"7":2,"8":3,"9":4,"10":6,"11":6,"12":6,"13":4,"14":4,"15":1,"16":3,"17":0,"18":3,"19":3,"20":3,"21":3,"22":3,"23":3,"24":15,"25":15,"26":11,"27":11,"28":4,"29":0,"30":0,"31":4,"32":4,"33":1,"34":1,"35":3,"36":3,"37":3,"38":3,"39":3,"40":2,"41":2,"42":5,"43":5,"44":0,"45":5,"46":2},"f":{"0":3,"1":4,"2":6,"3":6,"4":4,"5":15,"6":2,"7":5},"b":{"0":[1,3],"1":[0,3],"2":[3,2],"3":[11,4],"4":[0,4],"5":[1,3],"6":[0,5]},"_coverageSchema":"1a1c01bbd47fc00a2c39e90264f33305004495a9","hash":"fae886c9302fc7bdb3d9866ef11a8e7c900b5641"}
,"D:\\Nemotron\\VRMS\\server\\utils\\logger.js": {"path":"D:\\Nemotron\\VRMS\\server\\utils\\logger.js","statementMap":{"0":{"start":{"line":1,"column":16},"end":{"line":1,"column":34}},"1":{"start":{"line":2,"column":15},"end":{"line":2,"column":39}},"2":{"start":{"line":4,"column":15},"end":{"line":23,"column":2}},"3":{"start":{"line":17,"column":26},"end":{"line":17,"column":78}},"4":{"start":{"line":18,"column":10},"end":{"line":18,"column":66}},"5":{"start":{"line":25,"column":0},"end":{"line":25,"column":24}}},"fnMap":{"0":{"name":"(anonymous_0)","decl":{"start":{"line":16,"column":30},"end":{"line":16,"column":31}},"loc":{"start":{"line":16,"column":74},"end":{"line":19,"column":9}},"line":16}},"branchMap":{"0":{"loc":{"start":{"line":17,"column":26},"end":{"line":17,"column":78}},"type":"cond-expr","locations":[{"start":{"line":17,"column":53},"end":{"line":17,"column":73}},{"start":{"line":17,"column":76},"end":{"line":17,"column":78}}],"line":17}},"s":{"0":2,"1":2,"2":2,"3":92,"4":92,"5":2},"f":{"0":92},"b":{"0":[92,0]},"_coverageSchema":"1a1c01bbd47fc00a2c39e90264f33305004495a9","hash":"924dc6006a06426d44c7f47dc274d8558bf88948"}
,"D:\\Nemotron\\VRMS\\server\\validators\\authValidators.js": {"path":"D:\\Nemotron\\VRMS\\server\\validators\\authValidators.js","statementMap":{"0":{"start":{"line":1,"column":35},"end":{"line":1,"column":63}},"1":{"start":{"line":2,"column":21},"end":{"line":2,"column":58}},"2":{"start":{"line":4,"column":17},"end":{"line":11,"column":1}},"3":{"start":{"line":5,"column":17},"end":{"line":5,"column":38}},"4":{"start":{"line":6,"column":2},"end":{"line":9,"column":3}},"5":{"start":{"line":7,"column":21},"end":{"line":7,"column":62}},"6":{"start":{"line":7,"column":45},"end":{"line":7,"column":50}},"7":{"start":{"line":8,"column":4},"end":{"line":8,"column":58}},"8":{"start":{"line":10,"column":2},"end":{"line":10,"column":9}},"9":{"start":{"line":13,"column":27},"end":{"line":38,"column":1}},"10":{"start":{"line":40,"column":24},"end":{"line":49,"column":1}},"11":{"start":{"line":51,"column":0},"end":{"line":55,"column":2}}},"fnMap":{"0":{"name":"(anonymous_0)","decl":{"start":{"line":4,"column":17},"end":{"line":4,"column":18}},"loc":{"start":{"line":4,"column":37},"end":{"line":11,"column":1}},"line":4},"1":{"name":"(anonymous_1)","decl":{"start":{"line":7,"column":40},"end":{"line":7,"column":41}},"loc":{"start":{"line":7,"column":45},"end":{"line":7,"column":50}},"line":7}},"branchMap":{"0":{"loc":{"start":{"line":6,"column":2},"end":{"line":9,"column":3}},"type":"if","locations":[{"start":{"line":6,"column":2},"end":{"line":9,"column":3}},{"start":{},"end":{}}],"line":6}},"s":{"0":2,"1":2,"2":2,"3":25,"4":25,"5":6,"6":14,"7":6,"8":19,"9":2,"10":2,"11":2},"f":{"0":25,"1":14},"b":{"0":[6,19]},"_coverageSchema":"1a1c01bbd47fc00a2c39e90264f33305004495a9","hash":"2f8f537e4be0c802354a4ad0c8f3d86de3315cb5"}
}
