TN:
SF:server\app.js
FN:33,(anonymous_0)
FN:35,(anonymous_1)
FN:48,(anonymous_2)
FN:70,(anonymous_3)
FNF:4
FNH:4
FNDA:42,(anonymous_0)
FNDA:42,(anonymous_1)
FNDA:4,(anonymous_2)
FNDA:2,(anonymous_3)
DA:1,2
DA:2,2
DA:3,2
DA:4,2
DA:5,2
DA:6,2
DA:7,2
DA:8,2
DA:9,2
DA:10,2
DA:11,2
DA:13,2
DA:15,2
DA:20,2
DA:27,2
DA:28,2
DA:29,2
DA:31,2
DA:33,2
DA:34,42
DA:35,42
DA:36,42
DA:37,42
DA:45,42
DA:48,2
DA:49,4
DA:50,4
DA:59,2
DA:60,2
DA:61,2
DA:62,2
DA:63,2
DA:64,2
DA:66,2
DA:70,2
DA:71,2
DA:72,2
DA:78,0
DA:81,2
DA:83,2
LF:40
LH:39
BRDA:54,0,0,4
BRDA:54,0,1,0
BRDA:71,1,0,2
BRDA:71,1,1,0
BRF:4
BRH:2
end_of_record
TN:
SF:server\config\database.js
FN:7,(anonymous_0)
FN:11,testConnection
FN:24,query
FN:34,transaction
FN:49,close
FNF:5
FNH:2
FNDA:0,(anonymous_0)
FNDA:5,testConnection
FNDA:31,query
FNDA:0,transaction
FNDA:0,close
DA:1,2
DA:2,2
DA:3,2
DA:5,2
DA:7,2
DA:8,0
DA:12,5
DA:13,5
DA:14,5
DA:15,5
DA:16,5
DA:17,5
DA:19,0
DA:20,0
DA:25,31
DA:26,31
DA:27,31
DA:29,0
DA:30,0
DA:35,0
DA:36,0
DA:37,0
DA:38,0
DA:39,0
DA:40,0
DA:42,0
DA:43,0
DA:45,0
DA:50,0
DA:51,0
DA:54,2
LF:31
LH:15
BRF:0
BRH:0
end_of_record
TN:
SF:server\config\env.js
FN:15,(anonymous_0)
FNF:1
FNH:1
FNDA:18,(anonymous_0)
DA:1,2
DA:3,2
DA:15,18
DA:16,2
DA:17,0
DA:18,0
DA:21,2
LF:7
LH:5
BRDA:16,0,0,0
BRDA:16,0,1,2
BRDA:22,1,0,2
BRDA:22,1,1,0
BRDA:23,2,0,2
BRDA:23,2,1,0
BRDA:24,3,0,2
BRDA:24,3,1,0
BRDA:28,4,0,2
BRDA:28,4,1,0
BRDA:31,5,0,2
BRDA:31,5,1,0
BRDA:41,6,0,2
BRDA:41,6,1,0
BRDA:42,7,0,2
BRDA:42,7,1,0
BRDA:52,8,0,2
BRDA:52,8,1,0
BRDA:53,9,0,2
BRDA:53,9,1,0
BRDA:57,10,0,2
BRDA:57,10,1,0
BRDA:58,11,0,2
BRDA:58,11,1,0
BRDA:62,12,0,2
BRDA:62,12,1,0
BRDA:66,13,0,2
BRDA:66,13,1,0
BRF:28
BRH:14
end_of_record
TN:
SF:server\controllers\authController.js
FN:18,setAuthCookies
FN:23,clearAuthCookies
FN:28,register
FN:43,login
FN:58,logout
FN:68,me
FNF:6
FNH:6
FNDA:6,setAuthCookies
FNDA:2,clearAuthCookies
FNDA:4,register
FNDA:15,login
FNDA:2,logout
FNDA:5,me
DA:1,2
DA:2,2
DA:3,2
DA:4,2
DA:6,2
DA:13,2
DA:19,6
DA:20,6
DA:24,2
DA:25,2
DA:29,4
DA:30,4
DA:31,4
DA:32,3
DA:33,3
DA:39,1
DA:44,15
DA:45,15
DA:46,15
DA:47,3
DA:48,3
DA:54,12
DA:59,2
DA:60,2
DA:61,2
DA:62,2
DA:64,0
DA:69,5
DA:70,5
DA:71,5
DA:73,0
DA:77,2
LF:32
LH:30
BRF:0
BRH:0
end_of_record
TN:
SF:server\middleware\auth.js
FN:6,(anonymous_0)
FN:30,(anonymous_1)
FNF:2
FNH:1
FNDA:7,(anonymous_0)
FNDA:0,(anonymous_1)
DA:1,2
DA:2,2
DA:3,2
DA:4,2
DA:6,2
DA:7,7
DA:9,7
DA:10,1
DA:13,6
DA:14,6
DA:15,5
DA:20,5
DA:22,1
DA:23,0
DA:25,1
DA:26,1
DA:30,2
DA:31,0
DA:33,0
DA:34,0
DA:37,0
DA:38,0
DA:39,0
DA:47,0
DA:50,2
LF:25
LH:17
BRDA:9,0,0,1
BRDA:9,0,1,6
BRDA:22,1,0,0
BRDA:22,1,1,1
BRDA:33,2,0,0
BRDA:33,2,1,0
BRF:6
BRH:3
end_of_record
TN:
SF:server\middleware\errorHandler.js
FN:5,(anonymous_0)
FN:14,(anonymous_1)
FNF:2
FNH:2
FNDA:21,(anonymous_0)
FNDA:21,(anonymous_1)
DA:1,2
DA:2,2
DA:6,21
DA:7,21
DA:8,21
DA:9,21
DA:10,21
DA:14,2
DA:15,21
DA:16,21
DA:18,21
DA:27,21
DA:28,0
DA:31,21
DA:32,0
DA:35,21
DA:36,0
DA:39,21
DA:40,0
DA:43,21
DA:44,0
DA:47,21
DA:48,0
DA:51,21
DA:52,21
DA:53,21
DA:55,21
DA:63,2
LF:28
LH:22
BRDA:5,0,0,0
BRDA:5,1,0,0
BRDA:20,2,0,0
BRDA:20,2,1,21
BRDA:24,3,0,21
BRDA:24,3,1,0
BRDA:27,4,0,0
BRDA:27,4,1,21
BRDA:31,5,0,0
BRDA:31,5,1,21
BRDA:31,6,0,21
BRDA:31,6,1,21
BRDA:35,7,0,0
BRDA:35,7,1,21
BRDA:39,8,0,0
BRDA:39,8,1,21
BRDA:43,9,0,0
BRDA:43,9,1,21
BRDA:43,10,0,21
BRDA:43,10,1,21
BRDA:47,11,0,0
BRDA:47,11,1,21
BRDA:51,12,0,21
BRDA:51,12,1,0
BRDA:52,13,0,21
BRDA:52,13,1,0
BRDA:53,14,0,21
BRDA:53,14,1,0
BRDA:59,15,0,21
BRDA:59,15,1,0
BRF:30
BRH:16
end_of_record
TN:
SF:server\middleware\rateLimiter.js
FN:15,(anonymous_0)
FN:28,(anonymous_1)
FN:41,(anonymous_2)
FNF:3
FNH:2
FNDA:42,(anonymous_0)
FNDA:26,(anonymous_1)
FNDA:0,(anonymous_2)
DA:1,2
DA:2,2
DA:3,2
DA:5,2
DA:15,42
DA:18,2
DA:28,26
DA:31,2
DA:41,0
DA:44,2
LF:10
LH:9
BRDA:28,0,0,26
BRDA:28,0,1,0
BRF:2
BRH:1
end_of_record
TN:
SF:server\repositories\userRepository.js
FN:5,createUser
FN:20,findUserByEmail
FN:26,findUserById
FN:32,updateLastLogin
FN:37,updateUserStatus
FNF:5
FNH:4
FNDA:3,createUser
FNDA:19,findUserByEmail
FNDA:5,findUserById
FNDA:3,updateLastLogin
FNDA:0,updateUserStatus
DA:1,2
DA:2,2
DA:3,2
DA:6,3
DA:7,3
DA:9,3
DA:14,3
DA:15,3
DA:17,3
DA:21,19
DA:22,19
DA:23,19
DA:27,5
DA:28,5
DA:29,5
DA:33,3
DA:34,3
DA:38,0
DA:39,0
DA:42,2
LF:20
LH:18
BRDA:23,0,0,19
BRDA:23,0,1,14
BRDA:29,1,0,5
BRDA:29,1,1,0
BRF:4
BRH:3
end_of_record
TN:
SF:server\routes\admin.js
FN:4,(anonymous_0)
FN:8,(anonymous_1)
FN:12,(anonymous_2)
FN:16,(anonymous_3)
FN:20,(anonymous_4)
FN:24,(anonymous_5)
FN:28,(anonymous_6)
FN:32,(anonymous_7)
FN:36,(anonymous_8)
FN:40,(anonymous_9)
FN:44,(anonymous_10)
FN:48,(anonymous_11)
FN:52,(anonymous_12)
FNF:13
FNH:0
FNDA:0,(anonymous_0)
FNDA:0,(anonymous_1)
FNDA:0,(anonymous_2)
FNDA:0,(anonymous_3)
FNDA:0,(anonymous_4)
FNDA:0,(anonymous_5)
FNDA:0,(anonymous_6)
FNDA:0,(anonymous_7)
FNDA:0,(anonymous_8)
FNDA:0,(anonymous_9)
FNDA:0,(anonymous_10)
FNDA:0,(anonymous_11)
FNDA:0,(anonymous_12)
DA:1,2
DA:2,2
DA:4,2
DA:5,0
DA:8,2
DA:9,0
DA:12,2
DA:13,0
DA:16,2
DA:17,0
DA:20,2
DA:21,0
DA:24,2
DA:25,0
DA:28,2
DA:29,0
DA:32,2
DA:33,0
DA:36,2
DA:37,0
DA:40,2
DA:41,0
DA:44,2
DA:45,0
DA:48,2
DA:49,0
DA:52,2
DA:53,0
DA:56,2
LF:29
LH:16
BRF:0
BRH:0
end_of_record
TN:
SF:server\routes\auth.js
FNF:0
FNH:0
DA:1,2
DA:2,2
DA:3,2
DA:4,2
DA:5,2
DA:6,2
DA:8,2
DA:9,2
DA:10,2
DA:11,2
DA:13,2
LF:11
LH:11
BRF:0
BRH:0
end_of_record
TN:
SF:server\routes\bookings.js
FN:4,(anonymous_0)
FN:8,(anonymous_1)
FN:12,(anonymous_2)
FN:16,(anonymous_3)
FN:20,(anonymous_4)
FNF:5
FNH:0
FNDA:0,(anonymous_0)
FNDA:0,(anonymous_1)
FNDA:0,(anonymous_2)
FNDA:0,(anonymous_3)
FNDA:0,(anonymous_4)
DA:1,2
DA:2,2
DA:4,2
DA:5,0
DA:8,2
DA:9,0
DA:12,2
DA:13,0
DA:16,2
DA:17,0
DA:20,2
DA:21,0
DA:24,2
LF:13
LH:8
BRF:0
BRH:0
end_of_record
TN:
SF:server\routes\notifications.js
FN:4,(anonymous_0)
FN:8,(anonymous_1)
FN:12,(anonymous_2)
FNF:3
FNH:0
FNDA:0,(anonymous_0)
FNDA:0,(anonymous_1)
FNDA:0,(anonymous_2)
DA:1,2
DA:2,2
DA:4,2
DA:5,0
DA:8,2
DA:9,0
DA:12,2
DA:13,0
DA:16,2
LF:9
LH:6
BRF:0
BRH:0
end_of_record
TN:
SF:server\routes\payments.js
FN:4,(anonymous_0)
FN:8,(anonymous_1)
FN:12,(anonymous_2)
FN:16,(anonymous_3)
FNF:4
FNH:0
FNDA:0,(anonymous_0)
FNDA:0,(anonymous_1)
FNDA:0,(anonymous_2)
FNDA:0,(anonymous_3)
DA:1,2
DA:2,2
DA:4,2
DA:5,0
DA:8,2
DA:9,0
DA:12,2
DA:13,0
DA:16,2
DA:17,0
DA:20,2
LF:11
LH:7
BRF:0
BRH:0
end_of_record
TN:
SF:server\routes\vehicles.js
FN:4,(anonymous_0)
FN:8,(anonymous_1)
FN:12,(anonymous_2)
FN:16,(anonymous_3)
FN:20,(anonymous_4)
FN:24,(anonymous_5)
FN:28,(anonymous_6)
FN:32,(anonymous_7)
FN:36,(anonymous_8)
FN:40,(anonymous_9)
FNF:10
FNH:1
FNDA:0,(anonymous_0)
FNDA:0,(anonymous_1)
FNDA:1,(anonymous_2)
FNDA:0,(anonymous_3)
FNDA:0,(anonymous_4)
FNDA:0,(anonymous_5)
FNDA:0,(anonymous_6)
FNDA:0,(anonymous_7)
FNDA:0,(anonymous_8)
FNDA:0,(anonymous_9)
DA:1,2
DA:2,2
DA:4,2
DA:5,0
DA:8,2
DA:9,0
DA:12,2
DA:13,1
DA:16,2
DA:17,0
DA:20,2
DA:21,0
DA:24,2
DA:25,0
DA:28,2
DA:29,0
DA:32,2
DA:33,0
DA:36,2
DA:37,0
DA:40,2
DA:41,0
DA:44,2
LF:23
LH:14
BRF:0
BRH:0
end_of_record
TN:
SF:server\services\authService.js
FN:11,hashPassword
FN:15,verifyPassword
FN:19,generateAccessToken
FN:27,generateRefreshToken
FN:36,register
FN:67,login
FN:105,logout
FN:110,getCurrentUser
FNF:8
FNH:8
FNDA:3,hashPassword
FNDA:4,verifyPassword
FNDA:6,generateAccessToken
FNDA:6,generateRefreshToken
FNDA:4,register
FNDA:15,login
FNDA:2,logout
FNDA:5,getCurrentUser
DA:1,2
DA:2,2
DA:3,2
DA:4,2
DA:5,2
DA:6,2
DA:7,2
DA:9,2
DA:12,3
DA:16,4
DA:20,6
DA:28,6
DA:29,6
DA:37,4
DA:38,4
DA:39,1
DA:42,3
DA:43,0
DA:46,3
DA:47,3
DA:49,3
DA:50,3
DA:52,3
DA:54,3
DA:68,15
DA:69,15
DA:70,11
DA:71,11
DA:74,4
DA:75,0
DA:76,0
DA:79,4
DA:80,4
DA:81,1
DA:82,1
DA:85,3
DA:87,3
DA:88,3
DA:90,3
DA:92,3
DA:106,2
DA:107,2
DA:111,5
DA:112,5
DA:113,0
DA:115,5
DA:118,2
LF:47
LH:43
BRDA:38,0,0,1
BRDA:38,0,1,3
BRDA:42,1,0,0
BRDA:42,1,1,3
BRDA:42,2,0,3
BRDA:42,2,1,2
BRDA:69,3,0,11
BRDA:69,3,1,4
BRDA:74,4,0,0
BRDA:74,4,1,4
BRDA:80,5,0,1
BRDA:80,5,1,3
BRDA:112,6,0,0
BRDA:112,6,1,5
BRF:14
BRH:11
end_of_record
TN:
SF:server\utils\logger.js
FN:16,(anonymous_0)
FNF:1
FNH:1
FNDA:92,(anonymous_0)
DA:1,2
DA:2,2
DA:4,2
DA:17,92
DA:18,92
DA:25,2
LF:6
LH:6
BRDA:17,0,0,92
BRDA:17,0,1,0
BRF:2
BRH:1
end_of_record
TN:
SF:server\validators\authValidators.js
FN:4,(anonymous_0)
FN:7,(anonymous_1)
FNF:2
FNH:2
FNDA:25,(anonymous_0)
FNDA:14,(anonymous_1)
DA:1,2
DA:2,2
DA:4,2
DA:5,25
DA:6,25
DA:7,14
DA:8,6
DA:10,19
DA:13,2
DA:40,2
DA:51,2
LF:11
LH:11
BRDA:6,0,0,6
BRDA:6,0,1,19
BRF:2
BRH:2
end_of_record
